<?xml version="1.0" encoding="UTF-8"?>
<!-- Generated by org.testng.reporters.JUnitReportReporter -->
<testsuite hostname="QA_Sumit_Patil" failures="0" tests="1" name="testClass.prefme" time="11.325" errors="0" timestamp="2022-11-14T14:47:35 IST" skipped="0">
  <testcase classname="testClass.prefme" name="verifyCheckinAndCheckOut" time="11.325"/>
  <system-out/>
</testsuite> <!-- testClass.prefme -->
